#
# There is insufficient memory for the Java Runtime Environment to continue.
# Native memory allocation (malloc) failed to allocate 41696 bytes for Chunk::new
# Possible reasons:
#   The system is out of physical RAM or swap space
#   In 32 bit mode, the process size limit was hit
# Possible solutions:
#   Reduce memory load on the system
#   Increase physical memory or swap space
#   Check if swap backing store is full
#   Use 64 bit Java on a 64 bit OS
#   Decrease Java heap size (-Xmx/-Xms)
#   Decrease number of Java threads
#   Decrease Java thread stack sizes (-Xss)
#   Set larger code cache with -XX:ReservedCodeCacheSize=
# This output file may be truncated or incomplete.
#
#  Out of Memory Error (allocation.cpp:390), pid=18496, tid=15488
#
# JRE version: Java(TM) SE Runtime Environment (8.0_91-b14) (build 1.8.0_91-b14)
# Java VM: Java HotSpot(TM) 64-Bit Server VM (25.91-b14 mixed mode windows-amd64 compressed oops)
# Failed to write core dump. Minidumps are not enabled by default on client versions of Windows
#

---------------  T H R E A D  ---------------

Current thread (0x0000000018474000):  JavaThread "C2 CompilerThread1" daemon [_thread_in_native, id=15488, stack(0x0000000018e90000,0x0000000018f90000)]

Stack: [0x0000000018e90000,0x0000000018f90000]
[error occurred during error reporting (printing stack bounds), id 0xc0000005]

Native frames: (J=compiled Java code, j=interpreted, Vv=VM code, C=native code)


Current CompileTask:
C2:   5013   57       4       sun.misc.ASCIICaseInsensitiveComparator::compare (126 bytes)


---------------  P R O C E S S  ---------------

Java Threads: ( => current thread )
  0x00000000184ee800 JavaThread "Service Thread" daemon [_thread_blocked, id=18336, stack(0x0000000018fc0000,0x00000000190c0000)]
  0x00000000184cd000 JavaThread "C1 CompilerThread2" daemon [_thread_blocked, id=17424, stack(0x0000000018ad0000,0x0000000018bd0000)]
=>0x0000000018474000 JavaThread "C2 CompilerThread1" daemon [_thread_in_native, id=15488, stack(0x0000000018e90000,0x0000000018f90000)]
  0x000000001701c000 JavaThread "C2 CompilerThread0" daemon [_thread_blocked, id=17820, stack(0x0000000018be0000,0x0000000018ce0000)]
  0x000000001846a800 JavaThread "Attach Listener" daemon [_thread_blocked, id=18104, stack(0x00000000189c0000,0x0000000018ac0000)]
  0x000000001700c000 JavaThread "Signal Dispatcher" daemon [_thread_blocked, id=17524, stack(0x0000000018880000,0x0000000018980000)]
  0x0000000016ff9000 JavaThread "Finalizer" daemon [_thread_blocked, id=14104, stack(0x0000000018360000,0x0000000018460000)]
  0x0000000016fb2000 JavaThread "Reference Handler" daemon [_thread_blocked, id=6520, stack(0x0000000018080000,0x0000000018180000)]
  0x000000000034f000 JavaThread "main" [_thread_in_native, id=10984, stack(0x0000000002190000,0x0000000002290000)]

Other Threads:
  0x0000000016faa800 VMThread [stack: 0x00000000181d0000,0x00000000182d0000] [id=14160]
  0x0000000018524800 WatcherThread [stack: 0x0000000018d80000,0x0000000018e80000] [id=8272]

VM state:not at safepoint (normal execution)

VM Mutex/Monitor currently owned by a thread: None

Heap:
 PSYoungGen      total 38400K, used 3328K [0x00000000d5d00000, 0x00000000d8780000, 0x0000000100000000)
  eden space 33280K, 10% used [0x00000000d5d00000,0x00000000d60400b0,0x00000000d7d80000)
  from space 5120K, 0% used [0x00000000d8280000,0x00000000d8280000,0x00000000d8780000)
  to   space 5120K, 0% used [0x00000000d7d80000,0x00000000d7d80000,0x00000000d8280000)
 ParOldGen       total 87552K, used 0K [0x0000000081600000, 0x0000000086b80000, 0x00000000d5d00000)
  object space 87552K, 0% used [0x0000000081600000,0x0000000081600000,0x0000000086b80000)
 Metaspace       used 3124K, capacity 4664K, committed 4864K, reserved 1056768K
  class space    used 350K, capacity 424K, committed 512K, reserved 1048576K

Card table byte_map: [0x0000000011650000,0x0000000011a50000] byte_map_base: 0x0000000011245000

Marking Bits: (ParMarkBitMap*) 0x0000000054b22f70
 Begin Bits: [0x00000000122d0000, 0x0000000014278000)
 End Bits:   [0x0000000014278000, 0x0000000016220000)

Polling page: 0x0000000000320000

CodeCache: size=245760Kb used=1274Kb max_used=1286Kb free=244485Kb
 bounds [0x0000000002290000, 0x0000000002500000, 0x0000000011290000]
 total_blobs=350 nmethods=110 adapters=153
 compilation: enabled

Compilation events (10 events):
Event: 4.008 Thread 0x00000000184cd000 nmethod 82 0x00000000023bf0d0 code [0x00000000023bf220, 0x00000000023bf350]
Event: 4.008 Thread 0x00000000184cd000   83       3       java.util.BitSet::checkInvariants (111 bytes)
Event: 4.008 Thread 0x00000000184cd000 nmethod 83 0x00000000023bf3d0 code [0x00000000023bf520, 0x00000000023bf6b0]
Event: 4.011 Thread 0x00000000184cd000   84       1       java.net.URL::getQuery (5 bytes)
Event: 4.011 Thread 0x000000001701c000   86       4       java.lang.String::indexOf (70 bytes)
Event: 4.011 Thread 0x00000000184cd000 nmethod 84 0x00000000023bf710 code [0x00000000023bf860, 0x00000000023bf970]
Event: 4.011 Thread 0x00000000184cd000   85       3       java.util.BitSet::get (69 bytes)
Event: 4.012 Thread 0x00000000184cd000 nmethod 85 0x00000000023bf9d0 code [0x00000000023bfbc0, 0x00000000023c0548]
Event: 4.014 Thread 0x00000000184cd000   87       3       java.util.HashMap::getNode (148 bytes)
Event: 4.015 Thread 0x00000000184cd000 nmethod 87 0x00000000023c09d0 code [0x00000000023c0ba0, 0x00000000023c1548]

GC Heap History (0 events):
No events

Deoptimization events (0 events):
No events

Internal exceptions (2 events):
Event: 0.546 Thread 0x000000000034f000 Exception <a 'java/lang/NoSuchMethodError': Method sun.misc.Unsafe.defineClass(Ljava/lang/String;[BII)Ljava/lang/Class; name or signature does not match> (0x00000000d5d07cc0) thrown at [C:\re\workspace\8-2-build-windows-amd64-cygwin\jdk8u91\6644\hotspot\sràmWÆ”}á?
Event: 0.547 Thread 0x000000000034f000 Exception <a 'java/lang/NoSuchMethodError': Method sun.misc.Unsafe.prefetchRead(Ljava/lang/Object;J)V name or signature does not match> (0x00000000d5d07fa8) thrown at [C:\re\workspace\8-2-build-windows-amd64-cygwin\jdk8u91\6644\hotspot\src\share\vm\prims\j

Events (10 events):
Event: 3.639 loading class org/apache/maven/surefire/util/SurefireReflectionException
Event: 3.639 loading class org/apache/maven/surefire/util/SurefireReflectionException done
Event: 3.641 loading class java/util/ArrayList$Itr
Event: 3.641 loading class java/util/ArrayList$Itr done
Event: 3.642 loading class org/apache/maven/surefire/booter/StartupConfiguration
Event: 3.642 loading class org/apache/maven/surefire/booter/StartupConfiguration done
Event: 3.649 loading class org/apache/maven/surefire/util/UrlUtils
Event: 3.649 loading class org/apache/maven/surefire/util/UrlUtils done
Event: 3.650 loading class java/io/UnsupportedEncodingException
Event: 3.650 loading class java/io/UnsupportedEncodingException done


Dynamic libraries:
0x000000013fd90000 - 0x000000013fdc7000 	D:\Program Files\Java\jdk1.8.0_91\jre\bin\java.exe
0x00000000779e0000 - 0x0000000077b8a000 	C:\Windows\SYSTEM32\ntdll.dll
0x0000000077680000 - 0x000000007779f000 	C:\Windows\system32\kernel32.dll
0x000007fefd8c0000 - 0x000007fefd92b000 	C:\Windows\system32\KERNELBASE.dll
0x000007feff960000 - 0x000007feffa3b000 	C:\Windows\system32\ADVAPI32.dll
0x000007feff8c0000 - 0x000007feff95f000 	C:\Windows\system32\msvcrt.dll
0x000007feff870000 - 0x000007feff88f000 	C:\Windows\SYSTEM32\sechost.dll
0x000007feff0f0000 - 0x000007feff21d000 	C:\Windows\system32\RPCRT4.dll
0x00000000778e0000 - 0x00000000779da000 	C:\Windows\system32\USER32.dll
0x000007feffb60000 - 0x000007feffbc7000 	C:\Windows\system32\GDI32.dll
0x000007feff2c0000 - 0x000007feff2ce000 	C:\Windows\system32\LPK.dll
0x000007feffc20000 - 0x000007feffcea000 	C:\Windows\system32\USP10.dll
0x000007fefbd50000 - 0x000007fefbf44000 	C:\Windows\WinSxS\amd64_microsoft.windows.common-controls_6595b64144ccf1df_6.0.7601.18837_none_fa3b1e3d17594757\COMCTL32.dll
0x000007fefda50000 - 0x000007fefdac1000 	C:\Windows\system32\SHLWAPI.dll
0x000007feff890000 - 0x000007feff8be000 	C:\Windows\system32\IMM32.DLL
0x000007feffa50000 - 0x000007feffb59000 	C:\Windows\system32\MSCTF.dll
0x000007fefd520000 - 0x000007fefd551000 	C:\Windows\system32\nvinitx.dll
0x000007fefd510000 - 0x000007fefd51c000 	C:\Windows\system32\VERSION.dll
0x0000000074110000 - 0x0000000074116000 	C:\Program Files\NVIDIA Corporation\CoProcManager\detoured.dll
0x000007fefaf50000 - 0x000007fefaf82000 	C:\Program Files\NVIDIA Corporation\CoProcManager\nvd3d9wrapx.dll
0x000007feff690000 - 0x000007feff867000 	C:\Windows\system32\SETUPAPI.dll
0x000007fefd670000 - 0x000007fefd6a6000 	C:\Windows\system32\CFGMGR32.dll
0x000007fefeff0000 - 0x000007feff0ca000 	C:\Windows\system32\OLEAUT32.dll
0x000007fefed60000 - 0x000007fefef63000 	C:\Windows\system32\ole32.dll
0x000007fefd610000 - 0x000007fefd62a000 	C:\Windows\system32\DEVOBJ.dll
0x000007fefaf20000 - 0x000007fefaf42000 	C:\Program Files\NVIDIA Corporation\CoProcManager\nvdxgiwrapx.dll
0x000000005a620000 - 0x000000005a6f2000 	D:\Program Files\Java\jdk1.8.0_91\jre\bin\msvcr100.dll
0x0000000054310000 - 0x0000000054ba3000 	D:\Program Files\Java\jdk1.8.0_91\jre\bin\server\jvm.dll
0x000007fef8470000 - 0x000007fef8479000 	C:\Windows\system32\WSOCK32.dll
0x000007feffbd0000 - 0x000007feffc1d000 	C:\Windows\system32\WS2_32.dll
0x000007feffa40000 - 0x000007feffa48000 	C:\Windows\system32\NSI.dll
0x000007fefd9f0000 - 0x000007fefda2b000 	C:\Windows\system32\WINMM.dll
0x0000000077bb0000 - 0x0000000077bb7000 	C:\Windows\system32\PSAPI.DLL
0x000000005feb0000 - 0x000000005febf000 	D:\Program Files\Java\jdk1.8.0_91\jre\bin\verify.dll
0x000000005fcf0000 - 0x000000005fd19000 	D:\Program Files\Java\jdk1.8.0_91\jre\bin\java.dll
0x000000005fd90000 - 0x000000005fda6000 	D:\Program Files\Java\jdk1.8.0_91\jre\bin\zip.dll
0x000007fefdca0000 - 0x000007fefea29000 	C:\Windows\system32\SHELL32.dll
0x000007fefd5f0000 - 0x000007fefd5ff000 	C:\Windows\system32\profapi.dll

VM Arguments:
java_command: E:\im_worker\im\im-common\target\surefire\surefirebooter5910327352975709732.jar E:\im_worker\im\im-common\target\surefire\surefire7200927326780230743tmp E:\im_worker\im\im-common\target\surefire\surefire_12273343770578258416tmp
java_class_path (initial): E:\im_worker\im\im-common\target\surefire\surefirebooter5910327352975709732.jar
Launcher Type: SUN_STANDARD

Environment Variables:
JAVA_HOME=D:\Program Files\Java\jdk1.8.0_91
PATH=D:\Python34\;D:\Python34\Scripts;C:\ProgramData\Oracle\Java\javapath;C:\Windows\system32;C:\Windows;C:\Windows\System32\Wbem;C:\Windows\System32\WindowsPowerShell\v1.0\;D:\Program Files\TortoiseSVN\bin;D:\360Downloads\Software\apache-maven-3.3.9\bin;D:\Program Files\nodejs\;D:\Program Files\Java\jdk1.8.0_91\jre;D:\Go\bin;D:\Program Files\Git\cmd
USERNAME=tangxiaojun
OS=Windows_NT
PROCESSOR_IDENTIFIER=Intel64 Family 6 Model 61 Stepping 4, GenuineIntel



---------------  S Y S T E M  ---------------

OS: Windows 7 , 64 bit Build 7601 (6.1.7601.19160)

CPU:total 4 (2 cores per cpu, 2 threads per core) family 6 model 61 stepping 4, cmov, cx8, fxsr, mmx, sse, sse2, sse3, ssse3, sse4.1, sse4.2, popcnt, avx, avx2, aes, clmul, erms, 3dnowpref, lzcnt, ht, tsc, tscinvbit, bmi1, bmi2, adx

Memory: 4k page, physical 8297776k(863840k free), swap 11441668k(5368k free)

vm_info: Java HotSpot(TM) 64-Bit Server VM (25.91-b14) for windows-amd64 JRE (1.8.0_91-b14), built on Apr  1 2016 00:58:32 by "java_re" with MS VC++ 10.0 (VS2010)

time: Thu Mar 30 14:34:11 2017
elapsed time: 6 seconds (0d 0h 0m 6s)

